  [1m[35m (176.7ms)[0m  [1m[35mCREATE DATABASE "trading_app_api_development" ENCODING = 'unicode'[0m
  [1m[35m (98.0ms)[0m  [1m[35mCREATE DATABASE "trading_app_api_test" ENCODING = 'unicode'[0m
Started GET "/" for ::1 at 2020-05-05 19:04:33 -0400
Processing by Rails::WelcomeController#index as HTML
  Rendering /Library/Ruby/Gems/2.6.0/gems/railties-6.0.2.2/lib/rails/templates/rails/welcome/index.html.erb
  Rendered /Library/Ruby/Gems/2.6.0/gems/railties-6.0.2.2/lib/rails/templates/rails/welcome/index.html.erb (Duration: 11.7ms | Allocations: 469)
Completed 200 OK in 23ms (Views: 18.1ms | ActiveRecord: 0.0ms | Allocations: 2532)


Started GET "/favicon.ico" for ::1 at 2020-05-05 19:04:34 -0400
  
ActionController::RoutingError (No route matches [GET] "/favicon.ico"):
  
actionpack (6.0.2.2) lib/action_dispatch/middleware/debug_exceptions.rb:36:in `call'
actionpack (6.0.2.2) lib/action_dispatch/middleware/show_exceptions.rb:33:in `call'
railties (6.0.2.2) lib/rails/rack/logger.rb:38:in `call_app'
railties (6.0.2.2) lib/rails/rack/logger.rb:26:in `block in call'
activesupport (6.0.2.2) lib/active_support/tagged_logging.rb:80:in `block in tagged'
activesupport (6.0.2.2) lib/active_support/tagged_logging.rb:28:in `tagged'
activesupport (6.0.2.2) lib/active_support/tagged_logging.rb:80:in `tagged'
railties (6.0.2.2) lib/rails/rack/logger.rb:26:in `call'
actionpack (6.0.2.2) lib/action_dispatch/middleware/remote_ip.rb:81:in `call'
actionpack (6.0.2.2) lib/action_dispatch/middleware/request_id.rb:27:in `call'
rack (2.2.2) lib/rack/runtime.rb:22:in `call'
activesupport (6.0.2.2) lib/active_support/cache/strategy/local_cache_middleware.rb:29:in `call'
actionpack (6.0.2.2) lib/action_dispatch/middleware/executor.rb:14:in `call'
actionpack (6.0.2.2) lib/action_dispatch/middleware/static.rb:126:in `call'
rack (2.2.2) lib/rack/sendfile.rb:110:in `call'
actionpack (6.0.2.2) lib/action_dispatch/middleware/host_authorization.rb:83:in `call'
railties (6.0.2.2) lib/rails/engine.rb:526:in `call'
puma (4.3.3) lib/puma/configuration.rb:228:in `call'
puma (4.3.3) lib/puma/server.rb:682:in `handle_request'
puma (4.3.3) lib/puma/server.rb:472:in `process_client'
puma (4.3.3) lib/puma/server.rb:328:in `block in run'
puma (4.3.3) lib/puma/thread_pool.rb:134:in `block in spawn_thread'
  [1m[35m (32.4ms)[0m  [1m[35mCREATE TABLE "schema_migrations" ("version" character varying NOT NULL PRIMARY KEY)[0m
  [1m[35m (5.8ms)[0m  [1m[35mCREATE TABLE "ar_internal_metadata" ("key" character varying NOT NULL PRIMARY KEY, "value" character varying, "created_at" timestamp(6) NOT NULL, "updated_at" timestamp(6) NOT NULL)[0m
  [1m[35m (1.5ms)[0m  [1m[34mSELECT pg_try_advisory_lock(2620032425331935145)[0m
  [1m[35m (1.3ms)[0m  [1m[34mSELECT "schema_migrations"."version" FROM "schema_migrations" ORDER BY "schema_migrations"."version" ASC[0m
Migrating to CreateTraders (20200505230915)
  [1m[35m (3.5ms)[0m  [1m[35mBEGIN[0m
  [1m[35m (10.0ms)[0m  [1m[35mCREATE TABLE "traders" ("id" bigserial primary key, "name" character varying, "money" decimal(8,2), "created_at" timestamp(6) NOT NULL, "updated_at" timestamp(6) NOT NULL)[0m
  [1m[36mprimary::SchemaMigration Create (3.6ms)[0m  [1m[32mINSERT INTO "schema_migrations" ("version") VALUES ($1) RETURNING "version"[0m  [["version", "20200505230915"]]
  [1m[35m (0.3ms)[0m  [1m[35mCOMMIT[0m
Migrating to CreateCommodities (20200505231006)
  [1m[35m (0.2ms)[0m  [1m[35mBEGIN[0m
  [1m[35m (4.5ms)[0m  [1m[35mCREATE TABLE "commodities" ("id" bigserial primary key, "name" character varying, "price" decimal(8,2), "created_at" timestamp(6) NOT NULL, "updated_at" timestamp(6) NOT NULL)[0m
  [1m[36mprimary::SchemaMigration Create (0.3ms)[0m  [1m[32mINSERT INTO "schema_migrations" ("version") VALUES ($1) RETURNING "version"[0m  [["version", "20200505231006"]]
  [1m[35m (0.2ms)[0m  [1m[35mCOMMIT[0m
  [1m[36mActiveRecord::InternalMetadata Load (0.4ms)[0m  [1m[34mSELECT "ar_internal_metadata".* FROM "ar_internal_metadata" WHERE "ar_internal_metadata"."key" = $1 LIMIT $2[0m  [["key", "environment"], ["LIMIT", 1]]
  [1m[35m (0.1ms)[0m  [1m[35mBEGIN[0m
  [1m[36mActiveRecord::InternalMetadata Create (1.6ms)[0m  [1m[32mINSERT INTO "ar_internal_metadata" ("key", "value", "created_at", "updated_at") VALUES ($1, $2, $3, $4) RETURNING "key"[0m  [["key", "environment"], ["value", "development"], ["created_at", "2020-05-05 23:10:52.561577"], ["updated_at", "2020-05-05 23:10:52.561577"]]
  [1m[35m (0.3ms)[0m  [1m[35mCOMMIT[0m
  [1m[35m (0.2ms)[0m  [1m[34mSELECT pg_advisory_unlock(2620032425331935145)[0m
  [1m[35m (1.2ms)[0m  [1m[34mSELECT "schema_migrations"."version" FROM "schema_migrations" ORDER BY "schema_migrations"."version" ASC[0m
  [1m[35m (0.9ms)[0m  [1m[34mSELECT "schema_migrations"."version" FROM "schema_migrations" ORDER BY "schema_migrations"."version" ASC[0m
  [1m[35m (0.2ms)[0m  [1m[35mBEGIN[0m
  [1m[36mTrader Create (3.0ms)[0m  [1m[32mINSERT INTO "traders" ("name", "money", "created_at", "updated_at") VALUES ($1, $2, $3, $4) RETURNING "id"[0m  [["name", "Slimer"], ["money", "1000.0"], ["created_at", "2020-05-05 23:11:41.068038"], ["updated_at", "2020-05-05 23:11:41.068038"]]
  [1m[35m (0.4ms)[0m  [1m[35mCOMMIT[0m
  [1m[35m (0.1ms)[0m  [1m[35mBEGIN[0m
  [1m[36mTrader Create (0.3ms)[0m  [1m[32mINSERT INTO "traders" ("name", "money", "created_at", "updated_at") VALUES ($1, $2, $3, $4) RETURNING "id"[0m  [["name", "Skeletor"], ["money", "1000.0"], ["created_at", "2020-05-05 23:11:41.074529"], ["updated_at", "2020-05-05 23:11:41.074529"]]
  [1m[35m (0.3ms)[0m  [1m[35mCOMMIT[0m
  [1m[35m (0.1ms)[0m  [1m[35mBEGIN[0m
  [1m[36mTrader Create (0.3ms)[0m  [1m[32mINSERT INTO "traders" ("name", "money", "created_at", "updated_at") VALUES ($1, $2, $3, $4) RETURNING "id"[0m  [["name", "Dame Edna"], ["money", "1000.0"], ["created_at", "2020-05-05 23:11:41.077921"], ["updated_at", "2020-05-05 23:11:41.077921"]]
  [1m[35m (0.3ms)[0m  [1m[35mCOMMIT[0m
  [1m[35m (0.1ms)[0m  [1m[35mBEGIN[0m
  [1m[36mTrader Create (0.4ms)[0m  [1m[32mINSERT INTO "traders" ("name", "money", "created_at", "updated_at") VALUES ($1, $2, $3, $4) RETURNING "id"[0m  [["name", "Cousin It"], ["money", "1000.0"], ["created_at", "2020-05-05 23:11:41.080949"], ["updated_at", "2020-05-05 23:11:41.080949"]]
  [1m[35m (0.3ms)[0m  [1m[35mCOMMIT[0m
  [1m[35m (0.1ms)[0m  [1m[35mBEGIN[0m
  [1m[36mTrader Create (0.3ms)[0m  [1m[32mINSERT INTO "traders" ("name", "money", "created_at", "updated_at") VALUES ($1, $2, $3, $4) RETURNING "id"[0m  [["name", "Boomhauer"], ["money", "1000.0"], ["created_at", "2020-05-05 23:11:41.084098"], ["updated_at", "2020-05-05 23:11:41.084098"]]
  [1m[35m (0.6ms)[0m  [1m[35mCOMMIT[0m
  [1m[35m (0.2ms)[0m  [1m[35mBEGIN[0m
  [1m[36mTrader Create (0.4ms)[0m  [1m[32mINSERT INTO "traders" ("name", "money", "created_at", "updated_at") VALUES ($1, $2, $3, $4) RETURNING "id"[0m  [["name", "Molly Ringwald"], ["money", "1000.0"], ["created_at", "2020-05-05 23:11:41.088321"], ["updated_at", "2020-05-05 23:11:41.088321"]]
  [1m[35m (0.4ms)[0m  [1m[35mCOMMIT[0m
  [1m[35m (0.1ms)[0m  [1m[35mBEGIN[0m
  [1m[36mTrader Create (0.6ms)[0m  [1m[32mINSERT INTO "traders" ("name", "money", "created_at", "updated_at") VALUES ($1, $2, $3, $4) RETURNING "id"[0m  [["name", "Vander Von Odd"], ["money", "1000.0"], ["created_at", "2020-05-05 23:11:41.092371"], ["updated_at", "2020-05-05 23:11:41.092371"]]
  [1m[35m (0.4ms)[0m  [1m[35mCOMMIT[0m
  [1m[35m (0.1ms)[0m  [1m[35mBEGIN[0m
  [1m[36mTrader Create (0.4ms)[0m  [1m[32mINSERT INTO "traders" ("name", "money", "created_at", "updated_at") VALUES ($1, $2, $3, $4) RETURNING "id"[0m  [["name", "James A. Garfield"], ["money", "1000.0"], ["created_at", "2020-05-05 23:11:41.096796"], ["updated_at", "2020-05-05 23:11:41.096796"]]
  [1m[35m (0.3ms)[0m  [1m[35mCOMMIT[0m
  [1m[35m (0.1ms)[0m  [1m[35mBEGIN[0m
  [1m[36mTrader Create (1.8ms)[0m  [1m[32mINSERT INTO "traders" ("name", "money", "created_at", "updated_at") VALUES ($1, $2, $3, $4) RETURNING "id"[0m  [["name", "Krang"], ["money", "1234567.9"], ["created_at", "2020-05-05 23:11:41.100206"], ["updated_at", "2020-05-05 23:11:41.100206"]]
  [1m[35m (0.1ms)[0m  [1m[31mROLLBACK[0m
  [1m[36mTrader Load (1.1ms)[0m  [1m[34mSELECT "traders".* FROM "traders" LIMIT $1[0m  [["LIMIT", 11]]
  [1m[36mTrader Load (0.5ms)[0m  [1m[34mSELECT "traders".* FROM "traders"[0m
  [1m[36mCommodity Load (3.9ms)[0m  [1m[34mSELECT "commodities".* FROM "commodities" LIMIT $1[0m  [["LIMIT", 11]]
  [1m[35m (0.9ms)[0m  [1m[34mSELECT "schema_migrations"."version" FROM "schema_migrations" ORDER BY "schema_migrations"."version" ASC[0m
  [1m[35m (4.2ms)[0m  [1m[34mSELECT "ar_internal_metadata"."value" FROM "ar_internal_metadata" WHERE "ar_internal_metadata"."key" = $1[0m  [["key", "environment"]]
  [1m[35m (0.2ms)[0m  [1m[34mSELECT "schema_migrations"."version" FROM "schema_migrations" ORDER BY "schema_migrations"."version" ASC[0m
  [1m[35m (0.2ms)[0m  [1m[34mSELECT "ar_internal_metadata"."value" FROM "ar_internal_metadata" WHERE "ar_internal_metadata"."key" = $1[0m  [["key", "environment"]]
  [1m[35m (0.3ms)[0m  [1m[34mSELECT "schema_migrations"."version" FROM "schema_migrations" ORDER BY "schema_migrations"."version" ASC[0m
  [1m[35m (0.2ms)[0m  [1m[34mSELECT "ar_internal_metadata"."value" FROM "ar_internal_metadata" WHERE "ar_internal_metadata"."key" = $1[0m  [["key", "environment"]]
  [1m[35m (37.5ms)[0m  [1m[35mDROP DATABASE IF EXISTS "trading_app_api_development"[0m
  [1m[35m (31.6ms)[0m  [1m[35mDROP DATABASE IF EXISTS "trading_app_api_test"[0m
  [1m[35m (140.4ms)[0m  [1m[35mCREATE DATABASE "trading_app_api_development" ENCODING = 'unicode'[0m
  [1m[35m (100.4ms)[0m  [1m[35mCREATE DATABASE "trading_app_api_test" ENCODING = 'unicode'[0m
  [1m[35mSQL (2.3ms)[0m  [1m[35mCREATE EXTENSION IF NOT EXISTS "plpgsql"[0m
  [1m[35m (2.1ms)[0m  [1m[35mDROP TABLE IF EXISTS "commodities" CASCADE[0m
  [1m[35m (9.5ms)[0m  [1m[35mCREATE TABLE "commodities" ("id" bigserial primary key, "name" character varying, "price" decimal(8,2), "created_at" timestamp(6) NOT NULL, "updated_at" timestamp(6) NOT NULL)[0m
  [1m[35m (0.2ms)[0m  [1m[35mDROP TABLE IF EXISTS "traders" CASCADE[0m
  [1m[35m (4.4ms)[0m  [1m[35mCREATE TABLE "traders" ("id" bigserial primary key, "name" character varying, "money" decimal(8,2), "created_at" timestamp(6) NOT NULL, "updated_at" timestamp(6) NOT NULL)[0m
  [1m[35m (2.9ms)[0m  [1m[35mCREATE TABLE "schema_migrations" ("version" character varying NOT NULL PRIMARY KEY)[0m
  [1m[35m (0.7ms)[0m  [1m[34mSELECT "schema_migrations"."version" FROM "schema_migrations" ORDER BY "schema_migrations"."version" ASC[0m
  [1m[35m (0.9ms)[0m  [1m[32mINSERT INTO "schema_migrations" (version) VALUES (20200505231006)[0m
  [1m[35m (0.6ms)[0m  [1m[32mINSERT INTO "schema_migrations" (version) VALUES
(20200505230915);

[0m
  [1m[35m (3.2ms)[0m  [1m[35mCREATE TABLE "ar_internal_metadata" ("key" character varying NOT NULL PRIMARY KEY, "value" character varying, "created_at" timestamp(6) NOT NULL, "updated_at" timestamp(6) NOT NULL)[0m
  [1m[36mActiveRecord::InternalMetadata Load (0.3ms)[0m  [1m[34mSELECT "ar_internal_metadata".* FROM "ar_internal_metadata" WHERE "ar_internal_metadata"."key" = $1 LIMIT $2[0m  [["key", "environment"], ["LIMIT", 1]]
  [1m[35m (0.2ms)[0m  [1m[35mBEGIN[0m
  [1m[36mActiveRecord::InternalMetadata Create (0.6ms)[0m  [1m[32mINSERT INTO "ar_internal_metadata" ("key", "value", "created_at", "updated_at") VALUES ($1, $2, $3, $4) RETURNING "key"[0m  [["key", "environment"], ["value", "development"], ["created_at", "2020-05-05 23:15:41.079513"], ["updated_at", "2020-05-05 23:15:41.079513"]]
  [1m[35m (0.4ms)[0m  [1m[35mCOMMIT[0m
  [1m[36mActiveRecord::InternalMetadata Load (0.3ms)[0m  [1m[34mSELECT "ar_internal_metadata".* FROM "ar_internal_metadata" WHERE "ar_internal_metadata"."key" = $1 LIMIT $2[0m  [["key", "environment"], ["LIMIT", 1]]
  [1m[36mActiveRecord::InternalMetadata Load (0.3ms)[0m  [1m[34mSELECT "ar_internal_metadata".* FROM "ar_internal_metadata" WHERE "ar_internal_metadata"."key" = $1 LIMIT $2[0m  [["key", "schema_sha1"], ["LIMIT", 1]]
  [1m[35m (0.2ms)[0m  [1m[35mBEGIN[0m
  [1m[36mActiveRecord::InternalMetadata Create (0.3ms)[0m  [1m[32mINSERT INTO "ar_internal_metadata" ("key", "value", "created_at", "updated_at") VALUES ($1, $2, $3, $4) RETURNING "key"[0m  [["key", "schema_sha1"], ["value", "d473fe85847794513ce1214987c67a1bf88dae32"], ["created_at", "2020-05-05 23:15:41.088722"], ["updated_at", "2020-05-05 23:15:41.088722"]]
  [1m[35m (0.3ms)[0m  [1m[35mCOMMIT[0m
  [1m[35mSQL (0.4ms)[0m  [1m[35mCREATE EXTENSION IF NOT EXISTS "plpgsql"[0m
  [1m[35m (0.2ms)[0m  [1m[35mDROP TABLE IF EXISTS "commodities" CASCADE[0m
  [1m[35m (8.2ms)[0m  [1m[35mCREATE TABLE "commodities" ("id" bigserial primary key, "name" character varying, "price" decimal(8,2), "created_at" timestamp(6) NOT NULL, "updated_at" timestamp(6) NOT NULL)[0m
  [1m[35m (0.3ms)[0m  [1m[35mDROP TABLE IF EXISTS "traders" CASCADE[0m
  [1m[35m (4.5ms)[0m  [1m[35mCREATE TABLE "traders" ("id" bigserial primary key, "name" character varying, "money" decimal(8,2), "created_at" timestamp(6) NOT NULL, "updated_at" timestamp(6) NOT NULL)[0m
  [1m[35m (3.2ms)[0m  [1m[35mCREATE TABLE "schema_migrations" ("version" character varying NOT NULL PRIMARY KEY)[0m
  [1m[35m (0.6ms)[0m  [1m[34mSELECT "schema_migrations"."version" FROM "schema_migrations" ORDER BY "schema_migrations"."version" ASC[0m
  [1m[35m (0.5ms)[0m  [1m[32mINSERT INTO "schema_migrations" (version) VALUES (20200505231006)[0m
  [1m[35m (0.3ms)[0m  [1m[32mINSERT INTO "schema_migrations" (version) VALUES
(20200505230915);

[0m
  [1m[35m (3.4ms)[0m  [1m[35mCREATE TABLE "ar_internal_metadata" ("key" character varying NOT NULL PRIMARY KEY, "value" character varying, "created_at" timestamp(6) NOT NULL, "updated_at" timestamp(6) NOT NULL)[0m
  [1m[36mActiveRecord::InternalMetadata Load (0.4ms)[0m  [1m[34mSELECT "ar_internal_metadata".* FROM "ar_internal_metadata" WHERE "ar_internal_metadata"."key" = $1 LIMIT $2[0m  [["key", "environment"], ["LIMIT", 1]]
  [1m[35m (0.1ms)[0m  [1m[35mBEGIN[0m
  [1m[36mActiveRecord::InternalMetadata Create (0.5ms)[0m  [1m[32mINSERT INTO "ar_internal_metadata" ("key", "value", "created_at", "updated_at") VALUES ($1, $2, $3, $4) RETURNING "key"[0m  [["key", "environment"], ["value", "development"], ["created_at", "2020-05-05 23:15:41.151589"], ["updated_at", "2020-05-05 23:15:41.151589"]]
  [1m[35m (0.3ms)[0m  [1m[35mCOMMIT[0m
  [1m[36mActiveRecord::InternalMetadata Load (0.3ms)[0m  [1m[34mSELECT "ar_internal_metadata".* FROM "ar_internal_metadata" WHERE "ar_internal_metadata"."key" = $1 LIMIT $2[0m  [["key", "environment"], ["LIMIT", 1]]
  [1m[35m (0.1ms)[0m  [1m[35mBEGIN[0m
  [1m[36mActiveRecord::InternalMetadata Update (2.0ms)[0m  [1m[33mUPDATE "ar_internal_metadata" SET "value" = $1, "updated_at" = $2 WHERE "ar_internal_metadata"."key" = $3[0m  [["value", "test"], ["updated_at", "2020-05-05 23:15:41.157849"], ["key", "environment"]]
  [1m[35m (0.3ms)[0m  [1m[35mCOMMIT[0m
  [1m[36mActiveRecord::InternalMetadata Load (0.2ms)[0m  [1m[34mSELECT "ar_internal_metadata".* FROM "ar_internal_metadata" WHERE "ar_internal_metadata"."key" = $1 LIMIT $2[0m  [["key", "schema_sha1"], ["LIMIT", 1]]
  [1m[35m (0.1ms)[0m  [1m[35mBEGIN[0m
  [1m[36mActiveRecord::InternalMetadata Create (0.3ms)[0m  [1m[32mINSERT INTO "ar_internal_metadata" ("key", "value", "created_at", "updated_at") VALUES ($1, $2, $3, $4) RETURNING "key"[0m  [["key", "schema_sha1"], ["value", "d473fe85847794513ce1214987c67a1bf88dae32"], ["created_at", "2020-05-05 23:15:41.164397"], ["updated_at", "2020-05-05 23:15:41.164397"]]
  [1m[35m (0.1ms)[0m  [1m[35mCOMMIT[0m
  [1m[35m (0.8ms)[0m  [1m[34mSELECT "schema_migrations"."version" FROM "schema_migrations" ORDER BY "schema_migrations"."version" ASC[0m
  [1m[35m (0.1ms)[0m  [1m[35mBEGIN[0m
  [1m[36mTrader Create (0.9ms)[0m  [1m[32mINSERT INTO "traders" ("name", "money", "created_at", "updated_at") VALUES ($1, $2, $3, $4) RETURNING "id"[0m  [["name", "Slimer"], ["money", "1000.0"], ["created_at", "2020-05-05 23:15:41.224638"], ["updated_at", "2020-05-05 23:15:41.224638"]]
  [1m[35m (0.3ms)[0m  [1m[35mCOMMIT[0m
  [1m[35m (0.1ms)[0m  [1m[35mBEGIN[0m
  [1m[36mTrader Create (0.3ms)[0m  [1m[32mINSERT INTO "traders" ("name", "money", "created_at", "updated_at") VALUES ($1, $2, $3, $4) RETURNING "id"[0m  [["name", "Skeletor"], ["money", "1000.0"], ["created_at", "2020-05-05 23:15:41.228719"], ["updated_at", "2020-05-05 23:15:41.228719"]]
  [1m[35m (0.3ms)[0m  [1m[35mCOMMIT[0m
  [1m[35m (0.1ms)[0m  [1m[35mBEGIN[0m
  [1m[36mTrader Create (0.4ms)[0m  [1m[32mINSERT INTO "traders" ("name", "money", "created_at", "updated_at") VALUES ($1, $2, $3, $4) RETURNING "id"[0m  [["name", "Dame Edna"], ["money", "1000.0"], ["created_at", "2020-05-05 23:15:41.232276"], ["updated_at", "2020-05-05 23:15:41.232276"]]
  [1m[35m (0.3ms)[0m  [1m[35mCOMMIT[0m
  [1m[35m (0.1ms)[0m  [1m[35mBEGIN[0m
  [1m[36mTrader Create (0.3ms)[0m  [1m[32mINSERT INTO "traders" ("name", "money", "created_at", "updated_at") VALUES ($1, $2, $3, $4) RETURNING "id"[0m  [["name", "Cousin It"], ["money", "1000.0"], ["created_at", "2020-05-05 23:15:41.235654"], ["updated_at", "2020-05-05 23:15:41.235654"]]
  [1m[35m (0.3ms)[0m  [1m[35mCOMMIT[0m
  [1m[35m (0.1ms)[0m  [1m[35mBEGIN[0m
  [1m[36mTrader Create (0.4ms)[0m  [1m[32mINSERT INTO "traders" ("name", "money", "created_at", "updated_at") VALUES ($1, $2, $3, $4) RETURNING "id"[0m  [["name", "Boomhauer"], ["money", "1000.0"], ["created_at", "2020-05-05 23:15:41.238782"], ["updated_at", "2020-05-05 23:15:41.238782"]]
  [1m[35m (0.2ms)[0m  [1m[35mCOMMIT[0m
  [1m[35m (0.1ms)[0m  [1m[35mBEGIN[0m
  [1m[36mTrader Create (0.2ms)[0m  [1m[32mINSERT INTO "traders" ("name", "money", "created_at", "updated_at") VALUES ($1, $2, $3, $4) RETURNING "id"[0m  [["name", "Molly Ringwald"], ["money", "1000.0"], ["created_at", "2020-05-05 23:15:41.241993"], ["updated_at", "2020-05-05 23:15:41.241993"]]
  [1m[35m (0.2ms)[0m  [1m[35mCOMMIT[0m
  [1m[35m (0.1ms)[0m  [1m[35mBEGIN[0m
  [1m[36mTrader Create (0.3ms)[0m  [1m[32mINSERT INTO "traders" ("name", "money", "created_at", "updated_at") VALUES ($1, $2, $3, $4) RETURNING "id"[0m  [["name", "Vander Von Odd"], ["money", "1000.0"], ["created_at", "2020-05-05 23:15:41.244590"], ["updated_at", "2020-05-05 23:15:41.244590"]]
  [1m[35m (0.3ms)[0m  [1m[35mCOMMIT[0m
  [1m[35m (0.1ms)[0m  [1m[35mBEGIN[0m
  [1m[36mTrader Create (0.2ms)[0m  [1m[32mINSERT INTO "traders" ("name", "money", "created_at", "updated_at") VALUES ($1, $2, $3, $4) RETURNING "id"[0m  [["name", "James A. Garfield"], ["money", "1000.0"], ["created_at", "2020-05-05 23:15:41.247722"], ["updated_at", "2020-05-05 23:15:41.247722"]]
  [1m[35m (0.2ms)[0m  [1m[35mCOMMIT[0m
  [1m[35m (0.1ms)[0m  [1m[35mBEGIN[0m
  [1m[36mTrader Create (0.7ms)[0m  [1m[32mINSERT INTO "traders" ("name", "money", "created_at", "updated_at") VALUES ($1, $2, $3, $4) RETURNING "id"[0m  [["name", "Krang"], ["money", "1234567.9"], ["created_at", "2020-05-05 23:15:41.250563"], ["updated_at", "2020-05-05 23:15:41.250563"]]
  [1m[35m (0.1ms)[0m  [1m[31mROLLBACK[0m
  [1m[35m (1.0ms)[0m  [1m[34mSELECT "schema_migrations"."version" FROM "schema_migrations" ORDER BY "schema_migrations"."version" ASC[0m
  [1m[35m (0.3ms)[0m  [1m[34mSELECT "ar_internal_metadata"."value" FROM "ar_internal_metadata" WHERE "ar_internal_metadata"."key" = $1[0m  [["key", "environment"]]
  [1m[35m (0.2ms)[0m  [1m[34mSELECT "schema_migrations"."version" FROM "schema_migrations" ORDER BY "schema_migrations"."version" ASC[0m
  [1m[35m (0.1ms)[0m  [1m[34mSELECT "ar_internal_metadata"."value" FROM "ar_internal_metadata" WHERE "ar_internal_metadata"."key" = $1[0m  [["key", "environment"]]
  [1m[35m (0.2ms)[0m  [1m[34mSELECT "schema_migrations"."version" FROM "schema_migrations" ORDER BY "schema_migrations"."version" ASC[0m
  [1m[35m (0.1ms)[0m  [1m[34mSELECT "ar_internal_metadata"."value" FROM "ar_internal_metadata" WHERE "ar_internal_metadata"."key" = $1[0m  [["key", "environment"]]
  [1m[35m (40.9ms)[0m  [1m[35mDROP DATABASE IF EXISTS "trading_app_api_development"[0m
  [1m[35m (27.4ms)[0m  [1m[35mDROP DATABASE IF EXISTS "trading_app_api_test"[0m
  [1m[35m (133.0ms)[0m  [1m[35mCREATE DATABASE "trading_app_api_development" ENCODING = 'unicode'[0m
  [1m[35m (63.5ms)[0m  [1m[35mCREATE DATABASE "trading_app_api_test" ENCODING = 'unicode'[0m
  [1m[35m (18.5ms)[0m  [1m[35mCREATE TABLE "schema_migrations" ("version" character varying NOT NULL PRIMARY KEY)[0m
  [1m[35m (5.6ms)[0m  [1m[35mCREATE TABLE "ar_internal_metadata" ("key" character varying NOT NULL PRIMARY KEY, "value" character varying, "created_at" timestamp(6) NOT NULL, "updated_at" timestamp(6) NOT NULL)[0m
  [1m[35m (0.2ms)[0m  [1m[34mSELECT pg_try_advisory_lock(2620032425331935145)[0m
  [1m[35m (0.6ms)[0m  [1m[34mSELECT "schema_migrations"."version" FROM "schema_migrations" ORDER BY "schema_migrations"."version" ASC[0m
Migrating to CreateTraders (20200505230915)
  [1m[35m (0.1ms)[0m  [1m[35mBEGIN[0m
  [1m[35m (8.6ms)[0m  [1m[35mCREATE TABLE "traders" ("id" bigserial primary key, "name" character varying, "money" decimal(8,2), "created_at" timestamp(6) NOT NULL, "updated_at" timestamp(6) NOT NULL)[0m
  [1m[36mprimary::SchemaMigration Create (0.4ms)[0m  [1m[32mINSERT INTO "schema_migrations" ("version") VALUES ($1) RETURNING "version"[0m  [["version", "20200505230915"]]
  [1m[35m (0.3ms)[0m  [1m[35mCOMMIT[0m
Migrating to CreateCommodities (20200505231006)
  [1m[35m (0.2ms)[0m  [1m[35mBEGIN[0m
  [1m[35m (4.0ms)[0m  [1m[35mCREATE TABLE "commodities" ("id" bigserial primary key, "name" character varying, "price" decimal(8,2), "created_at" timestamp(6) NOT NULL, "updated_at" timestamp(6) NOT NULL)[0m
  [1m[36mprimary::SchemaMigration Create (0.5ms)[0m  [1m[32mINSERT INTO "schema_migrations" ("version") VALUES ($1) RETURNING "version"[0m  [["version", "20200505231006"]]
  [1m[35m (0.4ms)[0m  [1m[35mCOMMIT[0m
  [1m[36mActiveRecord::InternalMetadata Load (0.5ms)[0m  [1m[34mSELECT "ar_internal_metadata".* FROM "ar_internal_metadata" WHERE "ar_internal_metadata"."key" = $1 LIMIT $2[0m  [["key", "environment"], ["LIMIT", 1]]
  [1m[35m (0.2ms)[0m  [1m[35mBEGIN[0m
  [1m[36mActiveRecord::InternalMetadata Create (0.7ms)[0m  [1m[32mINSERT INTO "ar_internal_metadata" ("key", "value", "created_at", "updated_at") VALUES ($1, $2, $3, $4) RETURNING "key"[0m  [["key", "environment"], ["value", "development"], ["created_at", "2020-05-05 23:16:25.915558"], ["updated_at", "2020-05-05 23:16:25.915558"]]
  [1m[35m (0.3ms)[0m  [1m[35mCOMMIT[0m
  [1m[35m (0.2ms)[0m  [1m[34mSELECT pg_advisory_unlock(2620032425331935145)[0m
  [1m[35m (1.2ms)[0m  [1m[34mSELECT "schema_migrations"."version" FROM "schema_migrations" ORDER BY "schema_migrations"."version" ASC[0m
  [1m[35m (1.0ms)[0m  [1m[34mSELECT "schema_migrations"."version" FROM "schema_migrations" ORDER BY "schema_migrations"."version" ASC[0m
  [1m[35m (0.2ms)[0m  [1m[35mBEGIN[0m
  [1m[36mTrader Create (1.2ms)[0m  [1m[32mINSERT INTO "traders" ("name", "money", "created_at", "updated_at") VALUES ($1, $2, $3, $4) RETURNING "id"[0m  [["name", "Slimer"], ["money", "1000.0"], ["created_at", "2020-05-05 23:18:30.213493"], ["updated_at", "2020-05-05 23:18:30.213493"]]
  [1m[35m (0.4ms)[0m  [1m[35mCOMMIT[0m
  [1m[35m (0.1ms)[0m  [1m[35mBEGIN[0m
  [1m[36mTrader Create (0.3ms)[0m  [1m[32mINSERT INTO "traders" ("name", "money", "created_at", "updated_at") VALUES ($1, $2, $3, $4) RETURNING "id"[0m  [["name", "Skeletor"], ["money", "1000.0"], ["created_at", "2020-05-05 23:18:30.218283"], ["updated_at", "2020-05-05 23:18:30.218283"]]
  [1m[35m (0.3ms)[0m  [1m[35mCOMMIT[0m
  [1m[35m (0.2ms)[0m  [1m[35mBEGIN[0m
  [1m[36mTrader Create (0.3ms)[0m  [1m[32mINSERT INTO "traders" ("name", "money", "created_at", "updated_at") VALUES ($1, $2, $3, $4) RETURNING "id"[0m  [["name", "Dame Edna"], ["money", "1000.0"], ["created_at", "2020-05-05 23:18:30.221412"], ["updated_at", "2020-05-05 23:18:30.221412"]]
  [1m[35m (0.3ms)[0m  [1m[35mCOMMIT[0m
  [1m[35m (0.1ms)[0m  [1m[35mBEGIN[0m
  [1m[36mTrader Create (0.4ms)[0m  [1m[32mINSERT INTO "traders" ("name", "money", "created_at", "updated_at") VALUES ($1, $2, $3, $4) RETURNING "id"[0m  [["name", "Cousin It"], ["money", "1000.0"], ["created_at", "2020-05-05 23:18:30.225276"], ["updated_at", "2020-05-05 23:18:30.225276"]]
  [1m[35m (0.3ms)[0m  [1m[35mCOMMIT[0m
  [1m[35m (0.1ms)[0m  [1m[35mBEGIN[0m
  [1m[36mTrader Create (0.2ms)[0m  [1m[32mINSERT INTO "traders" ("name", "money", "created_at", "updated_at") VALUES ($1, $2, $3, $4) RETURNING "id"[0m  [["name", "Boomhauer"], ["money", "1000.0"], ["created_at", "2020-05-05 23:18:30.228339"], ["updated_at", "2020-05-05 23:18:30.228339"]]
  [1m[35m (0.3ms)[0m  [1m[35mCOMMIT[0m
  [1m[35m (0.1ms)[0m  [1m[35mBEGIN[0m
  [1m[36mTrader Create (0.4ms)[0m  [1m[32mINSERT INTO "traders" ("name", "money", "created_at", "updated_at") VALUES ($1, $2, $3, $4) RETURNING "id"[0m  [["name", "Molly Ringwald"], ["money", "1000.0"], ["created_at", "2020-05-05 23:18:30.231296"], ["updated_at", "2020-05-05 23:18:30.231296"]]
  [1m[35m (0.3ms)[0m  [1m[35mCOMMIT[0m
  [1m[35m (0.1ms)[0m  [1m[35mBEGIN[0m
  [1m[36mTrader Create (0.3ms)[0m  [1m[32mINSERT INTO "traders" ("name", "money", "created_at", "updated_at") VALUES ($1, $2, $3, $4) RETURNING "id"[0m  [["name", "Vander Von Odd"], ["money", "1000.0"], ["created_at", "2020-05-05 23:18:30.234551"], ["updated_at", "2020-05-05 23:18:30.234551"]]
  [1m[35m (0.3ms)[0m  [1m[35mCOMMIT[0m
  [1m[35m (0.1ms)[0m  [1m[35mBEGIN[0m
  [1m[36mTrader Create (0.3ms)[0m  [1m[32mINSERT INTO "traders" ("name", "money", "created_at", "updated_at") VALUES ($1, $2, $3, $4) RETURNING "id"[0m  [["name", "James A. Garfield"], ["money", "1000.0"], ["created_at", "2020-05-05 23:18:30.237580"], ["updated_at", "2020-05-05 23:18:30.237580"]]
  [1m[35m (0.3ms)[0m  [1m[35mCOMMIT[0m
  [1m[35m (0.1ms)[0m  [1m[35mBEGIN[0m
  [1m[36mTrader Create (0.8ms)[0m  [1m[32mINSERT INTO "traders" ("name", "money", "created_at", "updated_at") VALUES ($1, $2, $3, $4) RETURNING "id"[0m  [["name", "Krang"], ["money", "1234567.9"], ["created_at", "2020-05-05 23:18:30.240700"], ["updated_at", "2020-05-05 23:18:30.240700"]]
  [1m[35m (0.1ms)[0m  [1m[31mROLLBACK[0m
  [1m[35m (0.9ms)[0m  [1m[34mSELECT "schema_migrations"."version" FROM "schema_migrations" ORDER BY "schema_migrations"."version" ASC[0m
  [1m[35m (0.3ms)[0m  [1m[34mSELECT "ar_internal_metadata"."value" FROM "ar_internal_metadata" WHERE "ar_internal_metadata"."key" = $1[0m  [["key", "environment"]]
  [1m[35m (0.2ms)[0m  [1m[34mSELECT "schema_migrations"."version" FROM "schema_migrations" ORDER BY "schema_migrations"."version" ASC[0m
  [1m[35m (0.1ms)[0m  [1m[34mSELECT "ar_internal_metadata"."value" FROM "ar_internal_metadata" WHERE "ar_internal_metadata"."key" = $1[0m  [["key", "environment"]]
  [1m[35m (0.2ms)[0m  [1m[34mSELECT "schema_migrations"."version" FROM "schema_migrations" ORDER BY "schema_migrations"."version" ASC[0m
  [1m[35m (0.2ms)[0m  [1m[34mSELECT "ar_internal_metadata"."value" FROM "ar_internal_metadata" WHERE "ar_internal_metadata"."key" = $1[0m  [["key", "environment"]]
  [1m[35m (27.9ms)[0m  [1m[35mDROP DATABASE IF EXISTS "trading_app_api_development"[0m
  [1m[35m (26.6ms)[0m  [1m[35mDROP DATABASE IF EXISTS "trading_app_api_test"[0m
  [1m[35m (131.1ms)[0m  [1m[35mCREATE DATABASE "trading_app_api_development" ENCODING = 'unicode'[0m
  [1m[35m (89.9ms)[0m  [1m[35mCREATE DATABASE "trading_app_api_test" ENCODING = 'unicode'[0m
  [1m[35m (6.9ms)[0m  [1m[35mCREATE TABLE "schema_migrations" ("version" character varying NOT NULL PRIMARY KEY)[0m
  [1m[35m (4.9ms)[0m  [1m[35mCREATE TABLE "ar_internal_metadata" ("key" character varying NOT NULL PRIMARY KEY, "value" character varying, "created_at" timestamp(6) NOT NULL, "updated_at" timestamp(6) NOT NULL)[0m
  [1m[35m (0.2ms)[0m  [1m[34mSELECT pg_try_advisory_lock(2620032425331935145)[0m
  [1m[35m (0.5ms)[0m  [1m[34mSELECT "schema_migrations"."version" FROM "schema_migrations" ORDER BY "schema_migrations"."version" ASC[0m
Migrating to CreateTraders (20200505230915)
  [1m[35m (0.1ms)[0m  [1m[35mBEGIN[0m
  [1m[35m (4.9ms)[0m  [1m[35mCREATE TABLE "traders" ("id" bigserial primary key, "name" character varying, "money" decimal(8,2), "created_at" timestamp(6) NOT NULL, "updated_at" timestamp(6) NOT NULL)[0m
  [1m[36mprimary::SchemaMigration Create (0.4ms)[0m  [1m[32mINSERT INTO "schema_migrations" ("version") VALUES ($1) RETURNING "version"[0m  [["version", "20200505230915"]]
  [1m[35m (0.3ms)[0m  [1m[35mCOMMIT[0m
Migrating to CreateCommodities (20200505231006)
  [1m[35m (0.2ms)[0m  [1m[35mBEGIN[0m
  [1m[35m (4.8ms)[0m  [1m[35mCREATE TABLE "commodities" ("id" bigserial primary key, "name" character varying, "price" decimal(8,2), "created_at" timestamp(6) NOT NULL, "updated_at" timestamp(6) NOT NULL)[0m
  [1m[36mprimary::SchemaMigration Create (0.2ms)[0m  [1m[32mINSERT INTO "schema_migrations" ("version") VALUES ($1) RETURNING "version"[0m  [["version", "20200505231006"]]
  [1m[35m (0.3ms)[0m  [1m[35mCOMMIT[0m
  [1m[36mActiveRecord::InternalMetadata Load (0.5ms)[0m  [1m[34mSELECT "ar_internal_metadata".* FROM "ar_internal_metadata" WHERE "ar_internal_metadata"."key" = $1 LIMIT $2[0m  [["key", "environment"], ["LIMIT", 1]]
  [1m[35m (0.2ms)[0m  [1m[35mBEGIN[0m
  [1m[36mActiveRecord::InternalMetadata Create (0.6ms)[0m  [1m[32mINSERT INTO "ar_internal_metadata" ("key", "value", "created_at", "updated_at") VALUES ($1, $2, $3, $4) RETURNING "key"[0m  [["key", "environment"], ["value", "development"], ["created_at", "2020-05-05 23:20:08.643158"], ["updated_at", "2020-05-05 23:20:08.643158"]]
  [1m[35m (0.4ms)[0m  [1m[35mCOMMIT[0m
  [1m[35m (0.6ms)[0m  [1m[34mSELECT pg_advisory_unlock(2620032425331935145)[0m
  [1m[35m (1.1ms)[0m  [1m[34mSELECT "schema_migrations"."version" FROM "schema_migrations" ORDER BY "schema_migrations"."version" ASC[0m
  [1m[35m (0.9ms)[0m  [1m[34mSELECT "schema_migrations"."version" FROM "schema_migrations" ORDER BY "schema_migrations"."version" ASC[0m
  [1m[35m (0.1ms)[0m  [1m[35mBEGIN[0m
  [1m[36mTrader Create (1.0ms)[0m  [1m[32mINSERT INTO "traders" ("name", "money", "created_at", "updated_at") VALUES ($1, $2, $3, $4) RETURNING "id"[0m  [["name", "Slimer"], ["money", "1000.0"], ["created_at", "2020-05-05 23:20:21.937749"], ["updated_at", "2020-05-05 23:20:21.937749"]]
  [1m[35m (0.3ms)[0m  [1m[35mCOMMIT[0m
  [1m[35m (0.2ms)[0m  [1m[35mBEGIN[0m
  [1m[36mTrader Create (0.4ms)[0m  [1m[32mINSERT INTO "traders" ("name", "money", "created_at", "updated_at") VALUES ($1, $2, $3, $4) RETURNING "id"[0m  [["name", "Skeletor"], ["money", "1000.0"], ["created_at", "2020-05-05 23:20:21.942160"], ["updated_at", "2020-05-05 23:20:21.942160"]]
  [1m[35m (0.4ms)[0m  [1m[35mCOMMIT[0m
  [1m[35m (0.1ms)[0m  [1m[35mBEGIN[0m
  [1m[36mTrader Create (0.3ms)[0m  [1m[32mINSERT INTO "traders" ("name", "money", "created_at", "updated_at") VALUES ($1, $2, $3, $4) RETURNING "id"[0m  [["name", "Dame Edna"], ["money", "1000.0"], ["created_at", "2020-05-05 23:20:21.945904"], ["updated_at", "2020-05-05 23:20:21.945904"]]
  [1m[35m (0.2ms)[0m  [1m[35mCOMMIT[0m
  [1m[35m (0.1ms)[0m  [1m[35mBEGIN[0m
  [1m[36mTrader Create (0.4ms)[0m  [1m[32mINSERT INTO "traders" ("name", "money", "created_at", "updated_at") VALUES ($1, $2, $3, $4) RETURNING "id"[0m  [["name", "Cousin It"], ["money", "1000.0"], ["created_at", "2020-05-05 23:20:21.949120"], ["updated_at", "2020-05-05 23:20:21.949120"]]
  [1m[35m (0.3ms)[0m  [1m[35mCOMMIT[0m
  [1m[35m (0.1ms)[0m  [1m[35mBEGIN[0m
  [1m[36mTrader Create (0.3ms)[0m  [1m[32mINSERT INTO "traders" ("name", "money", "created_at", "updated_at") VALUES ($1, $2, $3, $4) RETURNING "id"[0m  [["name", "Boomhauer"], ["money", "1000.0"], ["created_at", "2020-05-05 23:20:21.952156"], ["updated_at", "2020-05-05 23:20:21.952156"]]
  [1m[35m (0.2ms)[0m  [1m[35mCOMMIT[0m
  [1m[35m (0.1ms)[0m  [1m[35mBEGIN[0m
  [1m[36mTrader Create (0.3ms)[0m  [1m[32mINSERT INTO "traders" ("name", "money", "created_at", "updated_at") VALUES ($1, $2, $3, $4) RETURNING "id"[0m  [["name", "Molly Ringwald"], ["money", "1000.0"], ["created_at", "2020-05-05 23:20:21.955138"], ["updated_at", "2020-05-05 23:20:21.955138"]]
  [1m[35m (0.3ms)[0m  [1m[35mCOMMIT[0m
  [1m[35m (0.1ms)[0m  [1m[35mBEGIN[0m
  [1m[36mTrader Create (0.3ms)[0m  [1m[32mINSERT INTO "traders" ("name", "money", "created_at", "updated_at") VALUES ($1, $2, $3, $4) RETURNING "id"[0m  [["name", "Vander Von Odd"], ["money", "1000.0"], ["created_at", "2020-05-05 23:20:21.958272"], ["updated_at", "2020-05-05 23:20:21.958272"]]
  [1m[35m (0.3ms)[0m  [1m[35mCOMMIT[0m
  [1m[35m (0.1ms)[0m  [1m[35mBEGIN[0m
  [1m[36mTrader Create (0.3ms)[0m  [1m[32mINSERT INTO "traders" ("name", "money", "created_at", "updated_at") VALUES ($1, $2, $3, $4) RETURNING "id"[0m  [["name", "James A. Garfield"], ["money", "1000.0"], ["created_at", "2020-05-05 23:20:21.961222"], ["updated_at", "2020-05-05 23:20:21.961222"]]
  [1m[35m (0.3ms)[0m  [1m[35mCOMMIT[0m
  [1m[35m (0.1ms)[0m  [1m[35mBEGIN[0m
  [1m[36mTrader Create (0.3ms)[0m  [1m[32mINSERT INTO "traders" ("name", "money", "created_at", "updated_at") VALUES ($1, $2, $3, $4) RETURNING "id"[0m  [["name", "Krang"], ["money", "123456.89"], ["created_at", "2020-05-05 23:20:21.964472"], ["updated_at", "2020-05-05 23:20:21.964472"]]
  [1m[35m (0.4ms)[0m  [1m[35mCOMMIT[0m
  [1m[35m (0.2ms)[0m  [1m[35mBEGIN[0m
  [1m[36mTrader Create (0.3ms)[0m  [1m[32mINSERT INTO "traders" ("name", "money", "created_at", "updated_at") VALUES ($1, $2, $3, $4) RETURNING "id"[0m  [["name", "Carl Sagan"], ["money", "1000.54"], ["created_at", "2020-05-05 23:20:21.967903"], ["updated_at", "2020-05-05 23:20:21.967903"]]
  [1m[35m (0.3ms)[0m  [1m[35mCOMMIT[0m
  [1m[35m (0.2ms)[0m  [1m[35mBEGIN[0m
  [1m[36mCommodity Create (0.6ms)[0m  [1m[32mINSERT INTO "commodities" ("name", "price", "created_at", "updated_at") VALUES ($1, $2, $3, $4) RETURNING "id"[0m  [["name", "Oil"], ["price", "53.28"], ["created_at", "2020-05-05 23:20:21.979632"], ["updated_at", "2020-05-05 23:20:21.979632"]]
  [1m[35m (0.3ms)[0m  [1m[35mCOMMIT[0m
  [1m[35m (0.2ms)[0m  [1m[35mBEGIN[0m
  [1m[36mCommodity Create (0.3ms)[0m  [1m[32mINSERT INTO "commodities" ("name", "price", "created_at", "updated_at") VALUES ($1, $2, $3, $4) RETURNING "id"[0m  [["name", "Gold"], ["price", "1216.7"], ["created_at", "2020-05-05 23:20:21.983432"], ["updated_at", "2020-05-05 23:20:21.983432"]]
  [1m[35m (0.3ms)[0m  [1m[35mCOMMIT[0m
  [1m[35m (0.1ms)[0m  [1m[35mBEGIN[0m
  [1m[36mCommodity Create (0.3ms)[0m  [1m[32mINSERT INTO "commodities" ("name", "price", "created_at", "updated_at") VALUES ($1, $2, $3, $4) RETURNING "id"[0m  [["name", "Natural Gas"], ["price", "3.18"], ["created_at", "2020-05-05 23:20:21.986454"], ["updated_at", "2020-05-05 23:20:21.986454"]]
  [1m[35m (0.3ms)[0m  [1m[35mCOMMIT[0m
  [1m[35m (0.1ms)[0m  [1m[35mBEGIN[0m
  [1m[36mCommodity Create (0.3ms)[0m  [1m[32mINSERT INTO "commodities" ("name", "price", "created_at", "updated_at") VALUES ($1, $2, $3, $4) RETURNING "id"[0m  [["name", "Copper"], ["price", "2.65"], ["created_at", "2020-05-05 23:20:21.989229"], ["updated_at", "2020-05-05 23:20:21.989229"]]
  [1m[35m (0.2ms)[0m  [1m[35mCOMMIT[0m
  [1m[35m (0.1ms)[0m  [1m[35mBEGIN[0m
  [1m[36mCommodity Create (0.2ms)[0m  [1m[32mINSERT INTO "commodities" ("name", "price", "created_at", "updated_at") VALUES ($1, $2, $3, $4) RETURNING "id"[0m  [["name", "Gasoline"], ["price", "1.6"], ["created_at", "2020-05-05 23:20:21.992224"], ["updated_at", "2020-05-05 23:20:21.992224"]]
  [1m[35m (0.2ms)[0m  [1m[35mCOMMIT[0m
  [1m[35m (0.1ms)[0m  [1m[35mBEGIN[0m
  [1m[36mCommodity Create (0.3ms)[0m  [1m[32mINSERT INTO "commodities" ("name", "price", "created_at", "updated_at") VALUES ($1, $2, $3, $4) RETURNING "id"[0m  [["name", "Silver"], ["price", "17.95"], ["created_at", "2020-05-05 23:20:21.994913"], ["updated_at", "2020-05-05 23:20:21.994913"]]
  [1m[35m (0.3ms)[0m  [1m[35mCOMMIT[0m
  [1m[35m (0.1ms)[0m  [1m[35mBEGIN[0m
  [1m[36mCommodity Create (0.3ms)[0m  [1m[32mINSERT INTO "commodities" ("name", "price", "created_at", "updated_at") VALUES ($1, $2, $3, $4) RETURNING "id"[0m  [["name", "Wheat"], ["price", "428.2"], ["created_at", "2020-05-05 23:20:21.997733"], ["updated_at", "2020-05-05 23:20:21.997733"]]
  [1m[35m (0.2ms)[0m  [1m[35mCOMMIT[0m
  [1m[35m (0.1ms)[0m  [1m[35mBEGIN[0m
  [1m[36mCommodity Create (0.3ms)[0m  [1m[32mINSERT INTO "commodities" ("name", "price", "created_at", "updated_at") VALUES ($1, $2, $3, $4) RETURNING "id"[0m  [["name", "Coffee"], ["price", "153.2"], ["created_at", "2020-05-05 23:20:22.000608"], ["updated_at", "2020-05-05 23:20:22.000608"]]
  [1m[35m (0.3ms)[0m  [1m[35mCOMMIT[0m
  [1m[35m (0.1ms)[0m  [1m[35mBEGIN[0m
  [1m[36mCommodity Create (0.4ms)[0m  [1m[32mINSERT INTO "commodities" ("name", "price", "created_at", "updated_at") VALUES ($1, $2, $3, $4) RETURNING "id"[0m  [["name", "Lumber"], ["price", "325.5"], ["created_at", "2020-05-05 23:20:22.013790"], ["updated_at", "2020-05-05 23:20:22.013790"]]
  [1m[35m (0.3ms)[0m  [1m[35mCOMMIT[0m
  [1m[35m (0.1ms)[0m  [1m[35mBEGIN[0m
  [1m[36mCommodity Create (0.3ms)[0m  [1m[32mINSERT INTO "commodities" ("name", "price", "created_at", "updated_at") VALUES ($1, $2, $3, $4) RETURNING "id"[0m  [["name", "Milk"], ["price", "16.77"], ["created_at", "2020-05-05 23:20:22.017005"], ["updated_at", "2020-05-05 23:20:22.017005"]]
  [1m[35m (0.4ms)[0m  [1m[35mCOMMIT[0m
